2025-06-01 15:11:01,145 DEBUG    root            Loaded Command Group: ['gcloud', 'auth']
2025-06-01 15:11:01,149 DEBUG    root            Loaded Command Group: ['gcloud', 'auth', 'configure_docker']
2025-06-01 15:11:01,153 DEBUG    root            Running [gcloud.auth.configure-docker] with arguments: [--quiet: "True"]
2025-06-01 15:11:01,191 WARNING  root            Your config file at [/home/jupyter/.docker/config.json] contains these credential helper entries:

{
  "credHelpers": {
    "gcr.io": "gcloud",
    "us.gcr.io": "gcloud",
    "eu.gcr.io": "gcloud",
    "asia.gcr.io": "gcloud",
    "staging-k8s.gcr.io": "gcloud",
    "marketplace.gcr.io": "gcloud"
  }
}
2025-06-01 15:11:01,191 INFO     ___FILE_ONLY___ Adding credentials for all GCR repositories.

2025-06-01 15:11:01,192 WARNING  root            A long list of credential helpers may cause delays running 'docker build'. We recommend passing the registry name to configure only the registry you are using.
2025-06-01 15:11:01,192 INFO     ___FILE_ONLY___ gcloud credential helpers already registered correctly.

2025-06-01 15:11:01,192 DEBUG    root            Chosen display Format:default
2025-06-01 15:11:01,193 INFO     root            Display format: "default"
2025-06-01 15:11:01,194 DEBUG    root            SDK update checks are disabled.
